<?xml version="1.0" encoding="utf-8"?><testsuites><testsuite name="pytest" errors="0" failures="0" skipped="0" tests="8" time="0.027" timestamp="2025-02-20T13:50:42.359935-08:00" hostname="DESKTOP-U3JLBKA"><testcase classname="test_math_utils2" name="test_add" time="0.000" /><testcase classname="test_math_utils2" name="test_subtract" time="0.000" /><testcase classname="test_math_utils2" name="test_multiply" time="0.000" /><testcase classname="test_math_utils2" name="test_divide" time="0.000" /><testcase classname="test_math_utils_unittest.TestMathUtils" name="test_add" time="0.000" /><testcase classname="test_math_utils_unittest.TestMathUtils" name="test_divide" time="0.000" /><testcase classname="test_math_utils_unittest.TestMathUtils" name="test_multiply" time="0.000" /><testcase classname="test_math_utils_unittest.TestMathUtils" name="test_subtract" time="0.000" /></testsuite></testsuites>